<?xml version="1.0" encoding="UTF-8"?>
<!-- Generated by org.testng.reporters.JUnitXMLReporter -->
<testsuite hostname="Bharath" ignored="0" name="Default test" tests="4" failures="0" timestamp="2020-04-09T11:06:01 IST" time="0.116" errors="0">
  <testcase name="div" time="0.014" classname="com.maven.test.MavenTestDemo"/>
  <testcase name="mul" time="0.002" classname="com.maven.test.MavenTestDemo"/>
  <testcase name="sub" time="0.002" classname="com.maven.test.MavenTestDemo"/>
  <testcase name="sum" time="0.002" classname="com.maven.test.MavenTestDemo"/>
</testsuite> <!-- Default test -->
