<?xml version="1.0" encoding="UTF-8"?>
<!-- Generated by org.testng.reporters.JUnitXMLReporter -->
<testsuite hostname="Bharath" ignored="0" name="Test Maven Test" tests="12" failures="0" timestamp="2020-04-09T11:44:26 IST" time="0.118" errors="0">
  <testcase name="div" time="0.011" classname="com.maven.test.Demo1"/>
  <testcase name="mul" time="0.001" classname="com.maven.test.Demo1"/>
  <testcase name="sub" time="0.0" classname="com.maven.test.Demo1"/>
  <testcase name="sum" time="0.001" classname="com.maven.test.Demo1"/>
  <testcase name="div" time="0.001" classname="com.maven.test.Demo2"/>
  <testcase name="mul" time="0.001" classname="com.maven.test.Demo2"/>
  <testcase name="sub" time="0.0" classname="com.maven.test.Demo2"/>
  <testcase name="sum" time="0.001" classname="com.maven.test.Demo2"/>
  <testcase name="div" time="0.001" classname="com.maven.test.MavenTestDemo"/>
  <testcase name="mul" time="0.0" classname="com.maven.test.MavenTestDemo"/>
  <testcase name="sub" time="0.0" classname="com.maven.test.MavenTestDemo"/>
  <testcase name="sum" time="0.001" classname="com.maven.test.MavenTestDemo"/>
</testsuite> <!-- Test Maven Test -->
