<?xml version="1.0" encoding="UTF-8"?>
<testng-results skipped="0" failed="0" ignored="0" total="12" passed="12">
  <reporter-output>
  </reporter-output>
  <suite name="Maven test" duration-ms="118" started-at="2020-04-09T11:44:26 IST" finished-at="2020-04-09T11:44:26 IST">
    <groups>
    </groups>
    <test name="Test Maven Test" duration-ms="118" started-at="2020-04-09T11:44:26 IST" finished-at="2020-04-09T11:44:26 IST">
      <class name="com.maven.test.MavenTestDemo">
        <test-method status="PASS" signature="div()[pri:0, instance:com.maven.test.MavenTestDemo@2ac273d3]" name="div" duration-ms="1" started-at="2020-04-09T11:44:26 IST" finished-at="2020-04-09T11:44:26 IST">
          <reporter-output>
          </reporter-output>
        </test-method> <!-- div -->
        <test-method status="PASS" signature="mul()[pri:0, instance:com.maven.test.MavenTestDemo@2ac273d3]" name="mul" duration-ms="0" started-at="2020-04-09T11:44:26 IST" finished-at="2020-04-09T11:44:26 IST">
          <reporter-output>
          </reporter-output>
        </test-method> <!-- mul -->
        <test-method status="PASS" signature="sub()[pri:0, instance:com.maven.test.MavenTestDemo@2ac273d3]" name="sub" duration-ms="0" started-at="2020-04-09T11:44:26 IST" finished-at="2020-04-09T11:44:26 IST">
          <reporter-output>
          </reporter-output>
        </test-method> <!-- sub -->
        <test-method status="PASS" signature="sum()[pri:0, instance:com.maven.test.MavenTestDemo@2ac273d3]" name="sum" duration-ms="1" started-at="2020-04-09T11:44:26 IST" finished-at="2020-04-09T11:44:26 IST">
          <reporter-output>
          </reporter-output>
        </test-method> <!-- sum -->
      </class> <!-- com.maven.test.MavenTestDemo -->
      <class name="com.maven.test.Demo2">
        <test-method status="PASS" signature="div()[pri:0, instance:com.maven.test.Demo2@5383967b]" name="div" duration-ms="1" started-at="2020-04-09T11:44:26 IST" finished-at="2020-04-09T11:44:26 IST">
          <reporter-output>
          </reporter-output>
        </test-method> <!-- div -->
        <test-method status="PASS" signature="mul()[pri:0, instance:com.maven.test.Demo2@5383967b]" name="mul" duration-ms="1" started-at="2020-04-09T11:44:26 IST" finished-at="2020-04-09T11:44:26 IST">
          <reporter-output>
          </reporter-output>
        </test-method> <!-- mul -->
        <test-method status="PASS" signature="sub()[pri:0, instance:com.maven.test.Demo2@5383967b]" name="sub" duration-ms="0" started-at="2020-04-09T11:44:26 IST" finished-at="2020-04-09T11:44:26 IST">
          <reporter-output>
          </reporter-output>
        </test-method> <!-- sub -->
        <test-method status="PASS" signature="sum()[pri:0, instance:com.maven.test.Demo2@5383967b]" name="sum" duration-ms="1" started-at="2020-04-09T11:44:26 IST" finished-at="2020-04-09T11:44:26 IST">
          <reporter-output>
          </reporter-output>
        </test-method> <!-- sum -->
      </class> <!-- com.maven.test.Demo2 -->
      <class name="com.maven.test.Demo1">
        <test-method status="PASS" signature="div()[pri:0, instance:com.maven.test.Demo1@4fe3c938]" name="div" duration-ms="11" started-at="2020-04-09T11:44:26 IST" finished-at="2020-04-09T11:44:26 IST">
          <reporter-output>
          </reporter-output>
        </test-method> <!-- div -->
        <test-method status="PASS" signature="mul()[pri:0, instance:com.maven.test.Demo1@4fe3c938]" name="mul" duration-ms="1" started-at="2020-04-09T11:44:26 IST" finished-at="2020-04-09T11:44:26 IST">
          <reporter-output>
          </reporter-output>
        </test-method> <!-- mul -->
        <test-method status="PASS" signature="sub()[pri:0, instance:com.maven.test.Demo1@4fe3c938]" name="sub" duration-ms="0" started-at="2020-04-09T11:44:26 IST" finished-at="2020-04-09T11:44:26 IST">
          <reporter-output>
          </reporter-output>
        </test-method> <!-- sub -->
        <test-method status="PASS" signature="sum()[pri:0, instance:com.maven.test.Demo1@4fe3c938]" name="sum" duration-ms="1" started-at="2020-04-09T11:44:26 IST" finished-at="2020-04-09T11:44:26 IST">
          <reporter-output>
          </reporter-output>
        </test-method> <!-- sum -->
      </class> <!-- com.maven.test.Demo1 -->
    </test> <!-- Test Maven Test -->
  </suite> <!-- Maven test -->
</testng-results>
