<?xml version="1.0" encoding="UTF-8"?>
<testsuite xmlns:xsi="http://www.w3.org/2001/XMLSchema-instance" xsi:noNamespaceSchemaLocation="https://maven.apache.org/surefire/maven-surefire-plugin/xsd/surefire-test-report.xsd" name="TestSuite" time="1.304" tests="12" errors="0" skipped="0" failures="0">
  <properties>
[...]
</properties>
  <testcase name="div" classname="com.maven.test.Demo1" time="0.016"/>
  <testcase name="mul" classname="com.maven.test.Demo1" time="0.002"/>
  <testcase name="sub" classname="com.maven.test.Demo1" time="0.004"/>
  <testcase name="sum" classname="com.maven.test.Demo1" time="0.008"/>
  <testcase name="div" classname="com.maven.test.Demo2" time="0.002"/>
  <testcase name="mul" classname="com.maven.test.Demo2" time="0.011"/>
  <testcase name="sub" classname="com.maven.test.Demo2" time="0.002"/>
  <testcase name="sum" classname="com.maven.test.Demo2" time="0.003"/>
  <testcase name="div" classname="com.maven.test.MavenTestDemo" time="0.001"/>
  <testcase name="mul" classname="com.maven.test.MavenTestDemo" time="0.006"/>
  <testcase name="sub" classname="com.maven.test.MavenTestDemo" time="0.003"/>
  <testcase name="sum" classname="com.maven.test.MavenTestDemo" time="0.001"/>
</testsuite>