<?xml version="1.0" encoding="UTF-8"?>
<testng-results skipped="0" failed="0" ignored="0" total="4" passed="4">
  <reporter-output>
  </reporter-output>
  <suite name="Default suite" duration-ms="116" started-at="2020-04-09T11:06:01 IST" finished-at="2020-04-09T11:06:01 IST">
    <groups>
    </groups>
    <test name="Default test" duration-ms="116" started-at="2020-04-09T11:06:01 IST" finished-at="2020-04-09T11:06:01 IST">
      <class name="com.maven.test.MavenTestDemo">
        <test-method status="PASS" signature="div()[pri:0, instance:com.maven.test.MavenTestDemo@4d95d2a2]" name="div" duration-ms="14" started-at="2020-04-09T11:06:01 IST" finished-at="2020-04-09T11:06:01 IST">
          <reporter-output>
          </reporter-output>
        </test-method> <!-- div -->
        <test-method status="PASS" signature="mul()[pri:0, instance:com.maven.test.MavenTestDemo@4d95d2a2]" name="mul" duration-ms="2" started-at="2020-04-09T11:06:01 IST" finished-at="2020-04-09T11:06:01 IST">
          <reporter-output>
          </reporter-output>
        </test-method> <!-- mul -->
        <test-method status="PASS" signature="sub()[pri:0, instance:com.maven.test.MavenTestDemo@4d95d2a2]" name="sub" duration-ms="2" started-at="2020-04-09T11:06:01 IST" finished-at="2020-04-09T11:06:01 IST">
          <reporter-output>
          </reporter-output>
        </test-method> <!-- sub -->
        <test-method status="PASS" signature="sum()[pri:0, instance:com.maven.test.MavenTestDemo@4d95d2a2]" name="sum" duration-ms="2" started-at="2020-04-09T11:06:01 IST" finished-at="2020-04-09T11:06:01 IST">
          <reporter-output>
          </reporter-output>
        </test-method> <!-- sum -->
      </class> <!-- com.maven.test.MavenTestDemo -->
    </test> <!-- Default test -->
  </suite> <!-- Default suite -->
</testng-results>
